SF:src/PathsSet.jl
DA:1,11
LH:1
LF:1
end_of_record
SF:src/fbset/FBSet.jl
DA:7,242
DA:13,242
DA:14,242
DA:16,242
DA:20,31577
DA:24,24332
DA:27,0
DA:28,0
DA:32,25
DA:36,44
DA:37,105
DA:38,195
DA:39,5
DA:40,95
DA:41,83
DA:47,12
DA:48,13
DA:49,23
DA:50,1
DA:52,11
DA:53,11
DA:54,11
DA:59,2
DA:60,7
DA:65,18317
DA:66,18317
DA:67,18317
DA:68,18317
DA:73,1245
DA:74,1245
DA:75,1245
DA:76,1245
DA:78,1245
DA:83,8
DA:84,8
DA:85,40
DA:86,48
DA:89,8
DA:93,4772
DA:94,4770
DA:95,4770
DA:96,4770
DA:98,2
DA:104,37
DA:105,74
DA:106,6975
DA:108,3600
DA:109,75
DA:111,75
DA:118,10
DA:119,20
DA:120,3174
DA:121,3179
DA:123,1641
DA:125,1589
DA:128,10
DA:130,52
DA:131,1631
DA:138,11
DA:139,22
DA:140,2570
DA:141,2574
DA:143,1342
DA:144,34
DA:145,34
DA:147,34
DA:148,21
DA:156,10
DA:157,9
DA:159,18
DA:160,62
DA:161,1
DA:164,82
DA:165,81
DA:166,62
DA:167,20
DA:168,42
DA:169,1
DA:170,80
DA:171,0
DA:173,154
DA:177,8
DA:179,1
DA:186,9585
DA:187,9585
DA:192,1245
DA:193,1245
DA:197,1245
DA:198,1245
DA:199,1245
DA:205,24332
DA:206,24332
DA:210,24441
DA:211,1463
DA:214,24441
LH:92
LF:95
end_of_record
SF:src/fbset/FBSet128.jl
DA:4,1734
DA:8,1734
DA:9,1734
DA:13,1
DA:17,1
DA:21,1539
DA:25,235
DA:29,2
DA:30,9
DA:35,19540
DA:36,19540
DA:37,19540
DA:42,1501
DA:43,1501
DA:44,1501
DA:49,8
DA:50,8
DA:51,40
DA:52,48
DA:55,8
DA:59,4940
DA:60,4938
DA:61,4938
DA:62,4938
DA:64,2
DA:69,80
DA:73,29
DA:77,40
DA:81,44
LH:29
LF:29
end_of_record
SF:src/graph/components/edge/edge.jl
DA:14,31
DA:19,31
DA:20,31
DA:21,31
DA:25,31
DA:26,31
DA:28,31
DA:32,4
DA:33,4
DA:37,61
DA:40,61
DA:43,0
DA:44,0
DA:46,0
DA:47,0
DA:50,0
DA:51,0
DA:54,50
DA:58,0
DA:62,0
LH:12
LF:20
end_of_record
SF:src/graph/components/edge/edge_identity.jl
DA:6,111
DA:13,111
LH:2
LF:2
end_of_record
SF:src/graph/components/node/node.jl
DA:13,41
DA:25,44
DA:26,41
DA:27,41
DA:28,41
DA:30,41
DA:34,1
DA:38,32
DA:41,32
DA:42,32
DA:46,32
DA:50,32
DA:51,32
DA:55,4
DA:58,4
DA:59,4
DA:64,4
DA:67,4
DA:68,4
DA:73,20
DA:77,20
DA:82,125
DA:85,125
DA:88,0
DA:89,0
DA:91,0
DA:92,0
DA:95,0
DA:96,0
DA:99,69
DA:103,0
DA:107,3
DA:108,3
DA:109,3
DA:113,3
DA:114,0
DA:115,0
DA:121,6
DA:122,3
DA:123,3
LH:31
LF:40
end_of_record
SF:src/graph/components/node/node_identity.jl
DA:6,76
DA:14,93
DA:15,31
DA:17,76
DA:18,76
DA:21,0
DA:22,0
DA:23,0
DA:24,0
DA:27,0
DA:31,1
DA:35,3
DA:39,2660
DA:40,2660
DA:42,2660
DA:46,2657
DA:48,2657
DA:51,0
DA:52,0
DA:53,0
DA:55,0
LH:12
LF:21
end_of_record
SF:src/graph/components/owners/owners.jl
DA:9,16
DA:19,16
DA:20,16
DA:21,16
DA:22,16
DA:26,73
DA:30,206
DA:34,1023
DA:35,509
DA:37,3
DA:42,322
DA:43,206
DA:45,206
DA:46,370
DA:47,186
DA:48,22
DA:55,264
DA:57,264
DA:59,264
DA:60,264
DA:62,264
DA:63,186
DA:68,11
DA:70,22
DA:71,11
DA:72,11
DA:74,11
DA:75,5
DA:76,5
DA:82,3
DA:84,4
DA:85,1
DA:87,2
DA:92,166
DA:94,331
DA:95,165
DA:96,165
DA:98,1
DA:104,9
DA:105,14
DA:106,28
DA:107,28
DA:109,28
DA:112,1
DA:117,3
DA:118,2
DA:119,4
DA:120,4
DA:122,4
DA:124,4
DA:125,1
DA:126,1
DA:130,1
DA:135,6
DA:136,4
DA:137,2
DA:138,2
DA:140,2
DA:142,2
DA:143,2
DA:144,2
DA:148,2
DA:153,14
DA:154,14
DA:156,18
LH:65
LF:65
end_of_record
SF:src/graph/components/owners/owners_set.jl
DA:8,211
DA:12,211
DA:13,211
DA:17,1807
DA:21,12
DA:25,21
DA:29,1727
DA:33,29
DA:37,5
DA:41,4
LH:10
LF:10
end_of_record
SF:src/graph/graph/graph_constructor.jl
DA:3,8
DA:4,8
DA:6,8
DA:7,8
DA:8,8
DA:9,8
DA:10,8
DA:12,8
DA:13,8
DA:14,8
DA:16,8
DA:22,8
DA:23,8
DA:27,8
DA:28,8
DA:32,8
DA:33,8
DA:34,8
DA:35,8
DA:36,8
LH:20
LF:20
end_of_record
SF:src/graph/graph/graph_delete.jl
DA:3,23
DA:4,46
DA:5,5
DA:8,5
DA:9,5
DA:13,23
DA:18,28
DA:19,22
DA:20,2
DA:21,2
DA:22,2
DA:24,2
DA:26,20
DA:28,20
DA:29,0
DA:36,4
DA:37,2
DA:38,2
DA:40,2
DA:45,2
DA:46,2
DA:47,2
DA:48,2
DA:49,2
DA:50,2
DA:55,4
DA:56,4
DA:57,2
DA:58,2
DA:69,4
DA:70,4
DA:71,2
DA:72,2
DA:79,2
DA:80,2
DA:81,4
DA:82,2
DA:88,2
DA:89,2
DA:90,4
DA:91,2
DA:97,4
DA:98,2
DA:100,2
DA:101,2
DA:107,14
DA:108,12
DA:111,7
DA:112,6
DA:114,12
DA:115,7
LH:50
LF:51
end_of_record
SF:src/graph/graph/graph_edge.jl
DA:2,60
DA:3,30
DA:4,30
DA:6,30
DA:8,30
DA:13,8
DA:17,13
DA:18,13
DA:19,13
DA:22,0
DA:25,0
DA:26,0
DA:27,0
DA:31,8
DA:32,4
DA:34,4
DA:35,4
DA:36,4
DA:38,4
DA:39,4
DA:42,4
DA:43,2
LH:18
LF:22
end_of_record
SF:src/graph/graph/graph_join.jl
DA:2,6
DA:3,3
DA:5,3
DA:6,3
DA:7,3
DA:8,3
DA:9,3
DA:11,3
DA:13,3
DA:19,6
DA:20,18
DA:21,6
DA:23,12
DA:24,12
DA:25,6
DA:26,3
DA:28,3
DA:29,21
DA:37,6
DA:38,12
DA:43,6
DA:44,24
DA:45,0
DA:48,12
DA:53,6
DA:54,9
DA:55,9
DA:57,9
DA:63,6
DA:64,6
DA:65,6
DA:66,6
DA:68,6
LH:32
LF:33
end_of_record
SF:src/graph/graph/graph_lines.jl
DA:2,36
DA:5,0
DA:6,0
DA:7,0
DA:9,0
LH:1
LF:5
end_of_record
SF:src/graph/graph/graph_make_up.jl
DA:2,23
DA:3,23
DA:7,28
DA:8,56
DA:9,28
DA:10,28
DA:11,28
DA:13,56
DA:14,60
DA:17,28
DA:18,28
LH:11
LF:11
end_of_record
SF:src/graph/graph/graph_nodes.jl
DA:2,64
DA:6,44
DA:7,35
DA:10,82
DA:11,36
DA:12,36
DA:14,36
DA:15,36
DA:19,72
DA:20,36
DA:22,0
DA:27,34
DA:28,20
DA:31,7
DA:35,39
DA:36,33
DA:39,36
DA:44,140
DA:48,360
DA:49,360
DA:50,158
DA:54,0
DA:58,36
LH:21
LF:23
end_of_record
SF:src/graph/graph/graph_owners.jl
DA:2,64
DA:6,12
DA:7,10
DA:8,12
DA:13,3
DA:17,10
DA:21,28
DA:23,56
DA:24,172
DA:25,147
DA:29,56
DA:30,61
DA:46,20
DA:47,0
DA:48,0
DA:49,0
DA:50,0
DA:55,0
DA:56,0
DA:57,0
DA:61,20
DA:67,0
DA:69,0
DA:73,0
DA:75,0
LH:14
LF:25
end_of_record
SF:src/graph/graph/path_graph.jl
DA:1,8
DA:17,8
LH:2
LF:2
end_of_record
SF:src/main.jl
LH:0
LF:0
end_of_record
SF:src/utils/alias.jl
LH:0
LF:0
end_of_record
SF:src/utils/generator_ids.jl
DA:5,2811
DA:6,2811
DA:7,2811
DA:11,5382
DA:12,212
DA:14,5170
DA:17,5382
DA:18,5382
LH:8
LF:8
end_of_record
