SF:src/PathsSet.jl
DA:1,26
LH:1
LF:1
end_of_record
SF:src/actions/actions.jl
DA:14,10
DA:28,9
DA:29,9
DA:30,9
DA:35,1
DA:36,1
DA:38,1
DA:39,1
DA:40,1
DA:42,1
DA:44,1
DA:45,1
DA:46,1
DA:48,1
DA:52,9
DA:56,69
DA:60,1
DA:64,39
DA:68,10
DA:72,16
DA:73,16
DA:74,16
DA:76,16
DA:77,10
DA:80,22
DA:81,12
DA:82,6
DA:84,10
LH:28
LF:28
end_of_record
SF:src/actions/database_actions.jl
DA:12,1
DA:20,1
DA:21,1
DA:22,1
DA:24,1
DA:28,1
DA:29,1
DA:33,10
DA:37,9
DA:41,9
DA:42,9
DA:43,9
DA:45,9
DA:50,103
DA:51,44
DA:53,0
DA:57,0
DA:58,0
DA:59,0
LH:15
LF:19
end_of_record
SF:src/actions/database_actions_disk.jl
DA:20,0
DA:21,0
DA:23,0
DA:26,0
DA:27,0
DA:28,0
DA:31,0
DA:32,0
DA:34,0
DA:35,0
DA:38,0
DA:39,0
DA:40,0
DA:43,0
DA:44,0
DA:47,0
DA:48,0
DA:49,0
DA:50,0
DA:52,0
DA:56,0
DA:57,0
DA:58,0
DA:59,0
DA:61,0
DA:65,0
DA:66,0
LH:0
LF:27
end_of_record
SF:src/actions/database_interface.jl
DA:12,0
DA:13,0
DA:16,9
DA:20,0
DA:21,0
DA:24,86
DA:27,0
DA:28,0
DA:32,9
LH:3
LF:9
end_of_record
SF:src/actions/database_memory_controller.jl
DA:11,0
DA:12,0
DA:13,0
DA:16,0
DA:17,0
DA:18,0
DA:21,0
DA:24,0
DA:25,0
DA:26,0
DA:27,0
DA:29,0
LH:0
LF:12
end_of_record
SF:src/actions/execute.jl
DA:14,18
DA:16,9
DA:18,9
DA:19,9
DA:20,9
DA:25,9
DA:26,9
DA:28,9
DA:29,30
DA:31,30
DA:32,30
DA:33,30
DA:34,15
DA:35,15
DA:37,15
DA:38,15
LH:16
LF:16
end_of_record
SF:src/fbset/FBSet.jl
DA:7,102
DA:13,102
DA:14,102
DA:16,102
DA:20,180
DA:24,156
DA:27,0
DA:28,0
DA:32,332
DA:35,0
DA:36,0
DA:37,0
DA:38,0
DA:39,0
DA:40,0
DA:41,0
DA:47,0
DA:48,0
DA:49,0
DA:50,0
DA:52,0
DA:53,0
DA:54,0
DA:58,0
DA:59,0
DA:60,0
DA:65,132
DA:66,132
DA:67,132
DA:68,132
DA:73,24
DA:74,24
DA:75,24
DA:76,24
DA:78,24
DA:82,0
DA:83,0
DA:84,0
DA:85,0
DA:86,0
DA:89,0
DA:92,0
DA:93,0
DA:94,0
DA:95,0
DA:96,0
DA:98,0
DA:104,42
DA:105,84
DA:106,42
DA:107,42
DA:113,308
DA:114,616
DA:115,308
DA:117,616
DA:122,0
DA:124,308
DA:130,0
DA:131,0
DA:132,0
DA:133,0
DA:135,0
DA:136,0
DA:138,0
DA:139,0
DA:146,0
DA:147,0
DA:148,0
DA:150,0
DA:151,0
DA:152,0
DA:155,0
DA:156,0
DA:157,0
DA:158,0
DA:159,0
DA:160,0
DA:161,0
DA:162,0
DA:164,0
DA:168,0
DA:170,0
DA:177,404
DA:178,404
DA:183,24
DA:184,24
DA:188,24
DA:189,24
DA:190,24
DA:196,156
DA:197,156
DA:201,198
DA:202,102
DA:205,198
DA:210,32
DA:211,64
DA:212,160
DA:214,96
DA:215,128
DA:216,64
DA:219,96
DA:220,160
DA:223,32
LH:46
LF:103
end_of_record
SF:src/fbset/FBSet128.jl
DA:4,102
DA:8,102
DA:9,102
DA:12,0
DA:13,0
DA:16,0
DA:17,0
DA:21,24
DA:24,0
DA:25,0
DA:28,0
DA:29,0
DA:30,0
DA:35,132
DA:36,132
DA:37,132
DA:42,24
DA:43,24
DA:44,24
DA:48,0
DA:49,0
DA:50,0
DA:51,0
DA:52,0
DA:55,0
DA:58,0
DA:59,0
DA:60,0
DA:61,0
DA:62,0
DA:64,0
DA:69,42
DA:73,308
DA:76,0
DA:77,0
DA:80,0
DA:81,0
LH:12
LF:37
end_of_record
SF:src/graph/components/edge/edge.jl
DA:14,15
DA:19,15
DA:20,15
DA:21,15
DA:25,15
DA:26,15
DA:28,15
DA:32,12
DA:33,12
DA:37,33
DA:40,33
DA:55,0
DA:56,0
DA:60,36
DA:64,0
LH:12
LF:15
end_of_record
SF:src/graph/components/edge/edge_identity.jl
DA:6,57
DA:13,57
LH:2
LF:2
end_of_record
SF:src/graph/components/node/node.jl
DA:13,16
DA:25,16
DA:26,16
DA:27,16
DA:28,16
DA:30,16
DA:33,0
DA:34,0
DA:38,15
DA:41,15
DA:42,15
DA:46,15
DA:50,15
DA:51,15
DA:55,12
DA:58,12
DA:59,12
DA:64,12
DA:67,12
DA:68,12
DA:73,12
DA:77,12
DA:82,64
DA:85,64
DA:101,0
DA:102,0
DA:106,46
DA:110,6
DA:111,6
DA:112,6
DA:116,6
DA:117,0
DA:118,0
DA:124,12
DA:125,6
DA:126,6
LH:30
LF:36
end_of_record
SF:src/graph/components/node/node_identity.jl
DA:6,17
DA:14,17
DA:15,2
DA:17,17
DA:18,17
DA:22,264
DA:25,0
DA:26,0
DA:30,17
DA:31,17
DA:33,17
DA:37,17
DA:39,17
DA:43,402
DA:44,36
DA:46,228
LH:14
LF:16
end_of_record
SF:src/graph/components/owners/owners.jl
DA:9,2
DA:19,2
DA:20,2
DA:21,2
DA:22,2
DA:26,31
DA:30,1
DA:34,102
DA:38,1776
DA:39,888
DA:41,0
DA:46,162
DA:47,102
DA:49,102
DA:50,198
DA:51,99
DA:52,3
DA:59,132
DA:61,132
DA:63,132
DA:64,132
DA:66,132
DA:67,99
DA:72,24
DA:74,48
DA:75,24
DA:76,24
DA:78,24
DA:79,0
DA:80,0
DA:85,0
DA:86,0
DA:88,0
DA:89,0
DA:91,0
DA:95,0
DA:96,0
DA:98,0
DA:99,0
DA:100,0
DA:102,0
DA:108,12
DA:109,24
DA:110,42
DA:111,42
DA:113,42
DA:116,0
DA:121,86
DA:122,86
DA:123,172
DA:124,308
DA:125,308
DA:127,616
DA:128,308
DA:130,308
DA:131,0
DA:134,308
DA:138,0
DA:142,0
DA:143,0
DA:144,0
DA:145,0
DA:146,0
DA:148,0
DA:150,0
DA:151,0
DA:152,0
DA:156,0
DA:161,12
DA:162,12
DA:164,12
DA:168,86
DA:172,8
DA:173,16
DA:174,32
DA:176,32
DA:177,56
DA:180,8
LH:51
LF:78
end_of_record
SF:src/graph/components/owners/owners_set.jl
DA:8,102
DA:12,102
DA:13,102
DA:17,132
DA:21,24
DA:24,0
DA:25,0
DA:29,332
DA:32,0
DA:33,0
DA:37,42
DA:41,308
DA:44,0
DA:45,0
DA:49,32
LH:9
LF:15
end_of_record
SF:src/graph/graph/graph_constructor.jl
DA:3,1
DA:4,1
DA:6,1
DA:7,1
DA:8,1
DA:9,1
DA:10,1
DA:12,1
DA:13,1
DA:14,1
DA:16,1
DA:22,1
DA:23,1
DA:29,1
DA:31,1
DA:32,1
DA:36,1
DA:37,1
DA:38,1
DA:39,1
DA:40,1
LH:21
LF:21
end_of_record
SF:src/graph/graph/graph_delete.jl
DA:3,15
DA:4,30
DA:5,6
DA:8,6
DA:9,6
DA:13,15
DA:18,45
DA:19,45
DA:20,18
DA:21,18
DA:22,18
DA:24,27
DA:30,30
DA:31,12
DA:32,12
DA:34,18
DA:39,12
DA:40,12
DA:41,12
DA:42,12
DA:43,12
DA:44,12
DA:49,24
DA:50,24
DA:51,12
DA:52,12
DA:63,24
DA:64,24
DA:65,12
DA:66,12
DA:73,12
DA:74,12
DA:75,18
DA:76,6
DA:82,12
DA:83,12
DA:84,18
DA:85,6
DA:91,26
DA:92,12
DA:94,12
DA:95,6
DA:101,24
DA:102,24
DA:105,6
DA:106,6
DA:108,12
DA:109,6
LH:48
LF:48
end_of_record
SF:src/graph/graph/graph_edge.jl
DA:2,30
DA:3,15
DA:4,15
DA:6,15
DA:8,15
DA:13,24
DA:17,12
DA:18,12
DA:19,12
DA:22,0
DA:25,0
DA:26,0
DA:27,0
DA:31,24
DA:32,12
DA:34,12
DA:35,12
DA:36,12
DA:38,12
DA:39,12
DA:42,12
DA:43,6
LH:18
LF:22
end_of_record
SF:src/graph/graph/graph_getters.jl
DA:2,16
DA:6,1
DA:10,1
DA:11,1
DA:13,2
LH:5
LF:5
end_of_record
SF:src/graph/graph/graph_join.jl
DA:2,6
DA:3,6
DA:5,6
DA:6,6
DA:7,6
DA:8,6
DA:9,6
DA:11,6
DA:13,0
DA:19,12
DA:20,37
DA:21,9
DA:23,26
DA:24,24
DA:25,12
DA:26,6
DA:28,6
DA:29,39
DA:37,12
DA:38,21
DA:43,12
DA:44,39
DA:45,3
DA:48,21
DA:53,12
DA:54,15
DA:55,15
DA:57,15
DA:63,6
DA:64,6
DA:65,6
DA:66,6
DA:68,6
LH:32
LF:33
end_of_record
SF:src/graph/graph/graph_lines.jl
DA:2,16
LH:1
LF:1
end_of_record
SF:src/graph/graph/graph_make_up.jl
DA:2,15
DA:3,15
DA:4,15
DA:8,15
DA:9,30
DA:10,15
DA:11,15
DA:12,15
DA:14,30
DA:15,30
DA:18,15
DA:19,15
LH:12
LF:12
end_of_record
SF:src/graph/graph/graph_nodes.jl
DA:2,31
DA:6,17
DA:7,16
DA:10,34
DA:11,16
DA:12,16
DA:14,16
DA:15,16
DA:19,32
DA:20,16
DA:22,0
DA:27,21
DA:28,9
DA:31,6
DA:35,22
DA:36,10
DA:39,16
DA:44,138
DA:48,426
DA:49,411
DA:50,185
DA:54,6
DA:58,16
LH:22
LF:23
end_of_record
SF:src/graph/graph/graph_owners.jl
DA:2,31
DA:6,24
DA:7,24
DA:8,24
DA:13,6
DA:17,24
DA:21,15
DA:23,30
DA:24,96
DA:25,81
DA:29,30
DA:30,33
DA:36,19
DA:37,10
DA:39,10
DA:40,0
DA:41,10
DA:58,10
DA:59,10
DA:60,20
DA:61,84
DA:62,46
DA:63,0
DA:64,32
DA:69,20
DA:70,36
DA:71,0
DA:72,26
DA:76,10
DA:82,46
DA:84,46
DA:88,36
DA:90,36
LH:30
LF:33
end_of_record
SF:src/graph/graph/path_graph.jl
DA:1,9
DA:17,1
LH:2
LF:2
end_of_record
SF:src/graph/graphviz/graphviz.jl
DA:1,4
LH:1
LF:1
end_of_record
SF:src/graph/graphviz/graphviz_read_info_graph.jl
DA:2,6
DA:3,12
DA:4,24
DA:5,48
DA:6,42
DA:7,84
DA:10,42
DA:13,6
LH:8
LF:8
end_of_record
SF:src/graph/graphviz/graphviz_to_dot.jl
DA:3,6
DA:5,12
DA:6,24
DA:7,24
DA:8,66
DA:11,42
DA:23,12
DA:24,66
DA:27,6
DA:28,6
DA:29,6
DA:33,6
DA:36,6
DA:37,6
DA:39,6
DA:43,42
DA:44,42
DA:45,84
DA:46,54
DA:47,54
DA:48,54
DA:50,54
DA:51,54
DA:52,54
DA:53,54
DA:54,54
DA:55,54
DA:56,54
DA:57,54
DA:59,66
DA:61,42
DA:63,42
LH:32
LF:32
end_of_record
SF:src/graph/graphviz/graphviz_to_png.jl
DA:2,6
DA:3,6
DA:4,6
DA:5,6
DA:8,6
LH:5
LF:5
end_of_record
SF:src/graph/graphviz/graphviz_to_text.jl
DA:2,54
DA:3,102
DA:4,48
DA:5,48
DA:8,54
DA:12,54
DA:13,84
DA:14,36
DA:15,42
DA:18,54
DA:23,36
DA:24,36
DA:26,36
DA:27,36
DA:29,36
DA:31,36
LH:16
LF:16
end_of_record
SF:src/graph/readers/path_reader/path_reader.jl
DA:1,4
DA:14,1
DA:28,0
DA:29,0
DA:30,0
DA:31,0
DA:32,0
DA:35,0
DA:36,0
DA:37,0
DA:38,0
DA:40,0
LH:2
LF:12
end_of_record
SF:src/graph/readers/path_reader/reader_constructor.jl
DA:2,1
DA:3,1
DA:5,1
DA:6,1
DA:7,1
DA:9,1
DA:11,1
DA:15,2
DA:16,1
DA:20,1
LH:10
LF:10
end_of_record
SF:src/graph/readers/path_reader/reader_next_step.jl
DA:1,0
DA:2,0
DA:3,0
DA:5,0
DA:9,0
DA:10,0
DA:14,9
DA:15,4
DA:16,4
DA:17,4
DA:19,1
DA:23,0
DA:24,0
DA:29,4
DA:31,8
DA:32,4
DA:34,4
DA:35,4
LH:10
LF:18
end_of_record
SF:src/graph/readers/path_reader/reader_reduce_graph.jl
DA:4,4
DA:5,4
DA:6,4
LH:3
LF:3
end_of_record
SF:src/graph/readers/path_reader/reader_selection.jl
DA:2,4
DA:6,4
DA:7,6
DA:8,3
DA:11,1
LH:5
LF:5
end_of_record
SF:src/machine/grafo/graf.jl
DA:6,1
DA:13,1
DA:14,1
DA:15,1
DA:19,91
DA:22,0
DA:23,0
DA:24,0
DA:25,0
DA:28,0
DA:32,26
DA:33,13
DA:35,0
DA:40,24
DA:41,44
DA:42,4
DA:45,24
DA:47,0
DA:52,24
DA:53,24
DA:55,36
DA:56,12
DA:59,24
DA:60,1
DA:63,24
DA:67,0
DA:68,0
DA:69,0
DA:74,12
DA:75,12
DA:79,3
DA:80,3
DA:81,6
DA:82,3
DA:86,0
DA:91,3
DA:93,6
DA:96,0
DA:97,0
DA:98,0
DA:99,0
DA:100,0
DA:101,0
DA:106,0
DA:107,0
DA:108,0
LH:26
LF:46
end_of_record
SF:src/machine/grafo/graf_generator.jl
DA:8,2
DA:10,2
DA:11,8
DA:12,16
DA:13,15
DA:18,1
DA:21,0
DA:22,0
DA:23,0
DA:25,0
DA:26,0
DA:28,0
DA:29,0
DA:31,0
DA:32,0
DA:34,0
DA:35,0
DA:36,0
DA:41,0
DA:49,0
DA:50,0
DA:51,0
DA:53,0
DA:54,0
DA:55,0
DA:56,0
DA:57,0
DA:59,0
DA:62,0
DA:63,0
DA:64,0
DA:66,0
DA:67,0
DA:68,0
DA:69,0
DA:70,0
DA:71,0
DA:72,0
DA:73,0
DA:74,0
DA:75,0
DA:76,0
DA:77,0
DA:78,0
DA:79,0
DA:80,0
DA:81,0
DA:82,0
DA:83,0
DA:84,0
DA:85,0
DA:87,0
LH:6
LF:52
end_of_record
SF:src/machine/hamiltonian/hal_machine.jl
DA:15,1
DA:24,1
DA:25,1
DA:26,1
DA:27,1
DA:30,1
DA:31,1
DA:32,1
DA:34,1
DA:38,1
DA:39,1
DA:40,1
DA:44,5
DA:45,3
DA:46,3
DA:51,4
DA:52,3
DA:53,3
DA:54,3
DA:56,1
DA:61,3
DA:62,6
DA:63,6
DA:64,12
DA:65,9
DA:67,9
DA:68,9
DA:76,10
DA:78,20
DA:79,20
DA:80,20
DA:81,51
DA:83,24
DA:84,24
DA:91,30
DA:92,9
DA:94,21
DA:100,9
DA:101,6
DA:103,3
DA:105,6
DA:110,2
DA:114,2
LH:43
LF:43
end_of_record
SF:src/machine/readers/ihal_machine.jl
DA:2,2
DA:6,2
DA:10,0
DA:11,0
DA:14,0
DA:15,0
DA:18,0
DA:19,0
LH:2
LF:8
end_of_record
SF:src/machine/readers/imachine.jl
DA:1,1
LH:1
LF:1
end_of_record
SF:src/machine/readers/solution_graph_reader.jl
DA:16,2
DA:17,2
DA:19,1
DA:20,0
DA:22,1
DA:23,2
DA:24,1
DA:26,1
DA:30,0
DA:32,0
DA:33,0
DA:34,0
DA:35,0
DA:37,0
DA:38,0
DA:39,0
DA:41,0
DA:45,0
DA:48,0
DA:49,0
DA:50,0
DA:51,0
DA:53,0
DA:54,0
DA:56,0
DA:58,0
DA:59,0
DA:62,0
DA:63,0
DA:64,0
DA:65,0
DA:67,0
DA:72,0
LH:7
LF:33
end_of_record
SF:src/machine/timeline/timeline_cell.jl
DA:12,14
DA:21,14
DA:22,14
DA:26,24
DA:30,38
DA:31,19
DA:33,0
DA:38,9
DA:39,9
DA:40,9
DA:42,9
DA:43,18
DA:44,9
DA:46,0
LH:12
LF:14
end_of_record
SF:src/machine/timeline/timeline_table.jl
DA:15,1
DA:19,1
DA:20,1
DA:24,6
DA:25,3
DA:27,0
DA:32,73
DA:36,20
DA:37,10
DA:38,10
DA:40,0
DA:45,170
DA:46,157
DA:47,74
DA:51,13
DA:55,36
DA:56,5
DA:59,14
DA:60,14
DA:61,14
DA:66,1
DA:67,1
DA:68,1
DA:72,35
DA:73,13
DA:76,24
DA:77,24
DA:81,18
DA:82,9
DA:83,9
DA:85,0
DA:89,0
DA:90,0
DA:91,0
LH:28
LF:34
end_of_record
SF:src/main.jl
LH:0
LF:0
end_of_record
SF:src/utils/alias.jl
LH:0
LF:0
end_of_record
SF:src/utils/generator_ids.jl
DA:5,73
DA:6,73
DA:7,73
DA:11,96
DA:12,10
DA:14,86
DA:17,96
DA:18,96
LH:8
LF:8
end_of_record
